
> client@0.2.0 dev
> next dev -H 0.0.0.0 -p 3000

[baseline-browser-mapping] The data in this module is over two months old.  To ensure accurate Baseline data, please update: `npm i baseline-browser-mapping@latest -D`
 ⚠ Warning: Next.js inferred your workspace root, but it may not be correct.
 We detected multiple lockfiles and selected the directory of C:\Users\Flavio\Documents\EXPRESS\adminflow\package-lock.json as the root directory.
 To silence this warning, set `turbopack.root` in your Next.js config, or consider removing one of the lockfiles if it's not needed.
   See https://nextjs.org/docs/app/api-reference/config/next-config-js/turbopack#root-directory for more information.
 Detected additional lockfiles: 
   * C:\Users\Flavio\Documents\EXPRESS\adminflow\client\package-lock.json

   ▲ Next.js 16.0.1 (Turbopack)
   - Local:        http://localhost:3000
   - Network:      http://0.0.0.0:3000
   - Environments: .env.local

 ✓ Starting...
 ✓ Ready in 1541ms
 ○ Compiling /tickets/[id] ...
 ⨯ RangeError: Invalid count value: -1
    at String.repeat (<anonymous>)
 ⨯ RangeError: Invalid count value: -1
    at String.repeat (<anonymous>)
RangeError: Invalid count value: -1
    at String.repeat (<anonymous>)
[baseline-browser-mapping] The data in this module is over two months old.  To ensure accurate Baseline data, please update: `npm i baseline-browser-mapping@latest -D`
[?25h
